[INFO] Sistema Operativo - Windows 10
[INFO] Creacion de nuevo log en C:\Users\ccris\OneDrive\Escritorio\ProyectoWebC-S\DISENOWEB/logs/log2021-01-23/[23··12··17]logBd.log
[INFO] CONSULTA MostrarSolicitudes
[INFO] Inicio de conexion en puerto[3306]
[INFO] Conexion establecida en puerto[3306]
[INFO] Realizada conexion - mostrarSolicitudes()
[INFO] Realizada consulta - mostrarSolicitudes()
[INFO] CONSULTA GetUsuario
[INFO] Inicio de conexion en puerto[3306]
[INFO] Realizada conexion - getUsuario()
[INFO] Realizada consulta - getUsuario()
[INFO] CONSULTA GetListaProyectos
[INFO] Inicio de conexion en puerto[3306]
[INFO] Realizada conexion - getListaProyectos()
[INFO] Realizada consulta - getListaProyectos()
[INFO] CONSULTA GetProyecto
[INFO] Inicio de conexion en puerto[3306]
[INFO] Realizada conexion- getProyecto()
[INFO] Realizada consulta - getProyecto()
[INFO] CONSULTA GetEmpresa
[INFO] Inicio de conexion en puerto[3306]
[INFO] Realizada conexion - getEmpresa()
[INFO] Realizada consulta - getEmpresa()
[INFO] Consulta realizada con éxito - getEmpresa()
[INFO] Consulta realizada con éxito - getProyecto()
[INFO] CONSULTA GetProyecto
[INFO] Inicio de conexion en puerto[3306]
[INFO] Realizada conexion- getProyecto()
[INFO] Realizada consulta - getProyecto()
[INFO] CONSULTA GetEmpresa
[INFO] Inicio de conexion en puerto[3306]
[INFO] Realizada conexion - getEmpresa()
[INFO] Realizada consulta - getEmpresa()
[INFO] Consulta realizada con éxito - getEmpresa()
[INFO] Consulta realizada con éxito - getProyecto()
[INFO] CONSULTA GetProyecto
[INFO] Inicio de conexion en puerto[3306]
[INFO] Realizada conexion- getProyecto()
[INFO] Realizada consulta - getProyecto()
[INFO] CONSULTA GetEmpresa
[INFO] Inicio de conexion en puerto[3306]
[INFO] Realizada conexion - getEmpresa()
[INFO] Realizada consulta - getEmpresa()
[INFO] Consulta realizada con éxito - getEmpresa()
[INFO] Consulta realizada con éxito - getProyecto()
[INFO] Consulta realizada con éxito - getListaProyectos()
[INFO] Consulta realizada con éxito - getUsuario()
[INFO] CONSULTA GetUsuario
[INFO] Inicio de conexion en puerto[3306]
[INFO] Realizada conexion - getUsuario()
[INFO] Realizada consulta - getUsuario()
[INFO] CONSULTA GetListaProyectos
[INFO] Inicio de conexion en puerto[3306]
[INFO] Realizada conexion - getListaProyectos()
[INFO] Realizada consulta - getListaProyectos()
[INFO] CONSULTA GetProyecto
[INFO] Inicio de conexion en puerto[3306]
[INFO] Realizada conexion- getProyecto()
[INFO] Realizada consulta - getProyecto()
[INFO] CONSULTA GetEmpresa
[INFO] Inicio de conexion en puerto[3306]
[INFO] Realizada conexion - getEmpresa()
[INFO] Realizada consulta - getEmpresa()
[INFO] Consulta realizada con éxito - getEmpresa()
[INFO] Consulta realizada con éxito - getProyecto()
[INFO] CONSULTA GetProyecto
[INFO] Inicio de conexion en puerto[3306]
[INFO] Realizada conexion- getProyecto()
[INFO] Realizada consulta - getProyecto()
[INFO] CONSULTA GetEmpresa
[INFO] Inicio de conexion en puerto[3306]
[INFO] Realizada conexion - getEmpresa()
[INFO] Realizada consulta - getEmpresa()
[INFO] Consulta realizada con éxito - getEmpresa()
[INFO] Consulta realizada con éxito - getProyecto()
[INFO] CONSULTA GetProyecto
[INFO] Inicio de conexion en puerto[3306]
[INFO] Realizada conexion- getProyecto()
[INFO] Realizada consulta - getProyecto()
[INFO] CONSULTA GetEmpresa
[INFO] Inicio de conexion en puerto[3306]
[INFO] Realizada conexion - getEmpresa()
[INFO] Realizada consulta - getEmpresa()
[INFO] Consulta realizada con éxito - getEmpresa()
[INFO] Consulta realizada con éxito - getProyecto()
[INFO] Consulta realizada con éxito - getListaProyectos()
[INFO] Consulta realizada con éxito - getUsuario()
[INFO] CONSULTA GetUsuario
[INFO] Inicio de conexion en puerto[3306]
[INFO] Realizada conexion - getUsuario()
[INFO] Realizada consulta - getUsuario()
[INFO] CONSULTA GetListaProyectos
[INFO] Inicio de conexion en puerto[3306]
[INFO] Realizada conexion - getListaProyectos()
[INFO] Realizada consulta - getListaProyectos()
[INFO] CONSULTA GetProyecto
[INFO] Inicio de conexion en puerto[3306]
[INFO] Realizada conexion- getProyecto()
[INFO] Realizada consulta - getProyecto()
[INFO] CONSULTA GetEmpresa
[INFO] Inicio de conexion en puerto[3306]
[INFO] Realizada conexion - getEmpresa()
[INFO] Realizada consulta - getEmpresa()
[INFO] Consulta realizada con éxito - getEmpresa()
[INFO] Consulta realizada con éxito - getProyecto()
[INFO] CONSULTA GetProyecto
[INFO] Inicio de conexion en puerto[3306]
[INFO] Realizada conexion- getProyecto()
[INFO] Realizada consulta - getProyecto()
[INFO] CONSULTA GetEmpresa
[INFO] Inicio de conexion en puerto[3306]
[INFO] Realizada conexion - getEmpresa()
[INFO] Realizada consulta - getEmpresa()
[INFO] Consulta realizada con éxito - getEmpresa()
[INFO] Consulta realizada con éxito - getProyecto()
[INFO] CONSULTA GetProyecto
[INFO] Inicio de conexion en puerto[3306]
[INFO] Realizada conexion- getProyecto()
[INFO] Realizada consulta - getProyecto()
[INFO] CONSULTA GetEmpresa
[INFO] Inicio de conexion en puerto[3306]
[INFO] Realizada conexion - getEmpresa()
[INFO] Realizada consulta - getEmpresa()
[INFO] Consulta realizada con éxito - getEmpresa()
[INFO] Consulta realizada con éxito - getProyecto()
[INFO] Consulta realizada con éxito - getListaProyectos()
[INFO] Consulta realizada con éxito - getUsuario()
[INFO] CONSULTA GetUsuario
[INFO] Inicio de conexion en puerto[3306]
[INFO] Realizada conexion - getUsuario()
[INFO] Realizada consulta - getUsuario()
[INFO] CONSULTA GetListaProyectos
[INFO] Inicio de conexion en puerto[3306]
[INFO] Realizada conexion - getListaProyectos()
[INFO] Realizada consulta - getListaProyectos()
[INFO] CONSULTA GetProyecto
[INFO] Inicio de conexion en puerto[3306]
[INFO] Realizada conexion- getProyecto()
[INFO] Realizada consulta - getProyecto()
[INFO] CONSULTA GetEmpresa
[INFO] Inicio de conexion en puerto[3306]
[INFO] Realizada conexion - getEmpresa()
[INFO] Realizada consulta - getEmpresa()
[INFO] Consulta realizada con éxito - getEmpresa()
[INFO] Consulta realizada con éxito - getProyecto()
[INFO] CONSULTA GetProyecto
[INFO] Inicio de conexion en puerto[3306]
[INFO] Realizada conexion- getProyecto()
[INFO] Realizada consulta - getProyecto()
[INFO] CONSULTA GetEmpresa
[INFO] Inicio de conexion en puerto[3306]
[INFO] Realizada conexion - getEmpresa()
[INFO] Realizada consulta - getEmpresa()
[INFO] Consulta realizada con éxito - getEmpresa()
[INFO] Consulta realizada con éxito - getProyecto()
[INFO] CONSULTA GetProyecto
[INFO] Inicio de conexion en puerto[3306]
[INFO] Realizada conexion- getProyecto()
[INFO] Realizada consulta - getProyecto()
[INFO] CONSULTA GetEmpresa
[INFO] Inicio de conexion en puerto[3306]
[INFO] Realizada conexion - getEmpresa()
[INFO] Realizada consulta - getEmpresa()
[INFO] Consulta realizada con éxito - getEmpresa()
[INFO] Consulta realizada con éxito - getProyecto()
[INFO] Consulta realizada con éxito - getListaProyectos()
[INFO] Consulta realizada con éxito - getUsuario()
[INFO] CONSULTA GetUsuario
[INFO] Inicio de conexion en puerto[3306]
[INFO] Realizada conexion - getUsuario()
[INFO] Realizada consulta - getUsuario()
[INFO] CONSULTA GetListaProyectos
[INFO] Inicio de conexion en puerto[3306]
[INFO] Realizada conexion - getListaProyectos()
[INFO] Realizada consulta - getListaProyectos()
[INFO] CONSULTA GetProyecto
[INFO] Inicio de conexion en puerto[3306]
[INFO] Realizada conexion- getProyecto()
[INFO] Realizada consulta - getProyecto()
[INFO] CONSULTA GetEmpresa
[INFO] Inicio de conexion en puerto[3306]
[INFO] Realizada conexion - getEmpresa()
[INFO] Realizada consulta - getEmpresa()
[INFO] Consulta realizada con éxito - getEmpresa()
[INFO] Consulta realizada con éxito - getProyecto()
[INFO] CONSULTA GetProyecto
[INFO] Inicio de conexion en puerto[3306]
[INFO] Realizada conexion- getProyecto()
[INFO] Realizada consulta - getProyecto()
[INFO] CONSULTA GetEmpresa
[INFO] Inicio de conexion en puerto[3306]
[INFO] Realizada conexion - getEmpresa()
[INFO] Realizada consulta - getEmpresa()
[INFO] Consulta realizada con éxito - getEmpresa()
[INFO] Consulta realizada con éxito - getProyecto()
[INFO] CONSULTA GetProyecto
[INFO] Inicio de conexion en puerto[3306]
[INFO] Realizada conexion- getProyecto()
[INFO] Realizada consulta - getProyecto()
[INFO] CONSULTA GetEmpresa
[INFO] Inicio de conexion en puerto[3306]
[INFO] Realizada conexion - getEmpresa()
[INFO] Realizada consulta - getEmpresa()
[INFO] Consulta realizada con éxito - getEmpresa()
[INFO] Consulta realizada con éxito - getProyecto()
[INFO] Consulta realizada con éxito - getListaProyectos()
[INFO] Consulta realizada con éxito - getUsuario()
[INFO] Consulta realizada con éxito - mostrarEmpleados()
[INFO] Inicio de conexion en puerto[3306]
[INFO] Inicio de conexion en puerto[3306]
[INFO] Realizada conexion - solicitarDiaLibre()
[ERROR] ERROR SQL en solicitarDiaLibre(): java.sql.SQLIntegrityConstraintViolationException: Duplicate entry '2098-03-02-2098-03-02' for key 'dialibre.PRIMARY'
[ERROR]                        SQL State - 23000
[ERROR]                        ErrorCode - 1062
